{"/Users/ermakov/JS/projects/react-ulbi/config/jest/jestEmptyComponent.tsx": {"path":"/Users/ermakov/JS/projects/react-ulbi/config/jest/jestEmptyComponent.tsx","statementMap":{"0":{"start":{"line":3,"column":27},"end":{"line":3,"column":40}},"1":{"start":{"line":3,"column":33},"end":{"line":3,"column":40}}},"fnMap":{"0":{"name":"(anonymous_0)","decl":{"start":{"line":3,"column":27},"end":{"line":3,"column":28}},"loc":{"start":{"line":3,"column":33},"end":{"line":3,"column":40}},"line":3}},"branchMap":{},"s":{"0":1,"1":3},"f":{"0":3},"b":{},"_coverageSchema":"1a1c01bbd47fc00a2c39e90264f33305004495a9","hash":"874f8e74b7d85fb07cd38af089620159b88aacbe"}
,"/Users/ermakov/JS/projects/react-ulbi/src/app/providers/themeProvider/index.ts": {"path":"/Users/ermakov/JS/projects/react-ulbi/src/app/providers/themeProvider/index.ts","statementMap":{},"fnMap":{},"branchMap":{},"s":{},"f":{},"b":{},"_coverageSchema":"1a1c01bbd47fc00a2c39e90264f33305004495a9","hash":"9ac41c84ca234e8394da6326c366375f9cd82808"}
,"/Users/ermakov/JS/projects/react-ulbi/src/app/providers/themeProvider/lib/ThemeContext.tsx": {"path":"/Users/ermakov/JS/projects/react-ulbi/src/app/providers/themeProvider/lib/ThemeContext.tsx","statementMap":{"0":{"start":{"line":13,"column":28},"end":{"line":13,"column":64}},"1":{"start":{"line":15,"column":39},"end":{"line":15,"column":47}}},"fnMap":{},"branchMap":{},"s":{"0":1,"1":1},"f":{},"b":{},"_coverageSchema":"1a1c01bbd47fc00a2c39e90264f33305004495a9","hash":"cba7ec91dcf125ac98705690b4caa05f581be667"}
,"/Users/ermakov/JS/projects/react-ulbi/src/app/providers/themeProvider/lib/useTheme.tsx": {"path":"/Users/ermakov/JS/projects/react-ulbi/src/app/providers/themeProvider/lib/useTheme.tsx","statementMap":{"0":{"start":{"line":10,"column":30},"end":{"line":10,"column":54}},"1":{"start":{"line":12,"column":22},"end":{"line":16,"column":3}},"2":{"start":{"line":13,"column":21},"end":{"line":13,"column":69}},"3":{"start":{"line":14,"column":4},"end":{"line":14,"column":23}},"4":{"start":{"line":15,"column":4},"end":{"line":15,"column":60}},"5":{"start":{"line":18,"column":2},"end":{"line":21,"column":4}}},"fnMap":{"0":{"name":"UseTheme","decl":{"start":{"line":9,"column":16},"end":{"line":9,"column":24}},"loc":{"start":{"line":9,"column":43},"end":{"line":22,"column":1}},"line":9},"1":{"name":"(anonymous_1)","decl":{"start":{"line":12,"column":22},"end":{"line":12,"column":23}},"loc":{"start":{"line":12,"column":28},"end":{"line":16,"column":3}},"line":12}},"branchMap":{"0":{"loc":{"start":{"line":13,"column":21},"end":{"line":13,"column":69}},"type":"cond-expr","locations":[{"start":{"line":13,"column":45},"end":{"line":13,"column":55}},{"start":{"line":13,"column":58},"end":{"line":13,"column":69}}],"line":13}},"s":{"0":3,"1":3,"2":0,"3":0,"4":0,"5":3},"f":{"0":3,"1":0},"b":{"0":[0,0]},"_coverageSchema":"1a1c01bbd47fc00a2c39e90264f33305004495a9","hash":"890b5945488eee8c1259baa10464ebd7be1d2f5e"}
,"/Users/ermakov/JS/projects/react-ulbi/src/app/providers/themeProvider/ui/ThemeProvider.tsx": {"path":"/Users/ermakov/JS/projects/react-ulbi/src/app/providers/themeProvider/ui/ThemeProvider.tsx","statementMap":{"0":{"start":{"line":8,"column":21},"end":{"line":8,"column":92}},"1":{"start":{"line":11,"column":28},"end":{"line":11,"column":57}},"2":{"start":{"line":13,"column":23},"end":{"line":19,"column":3}},"3":{"start":{"line":14,"column":11},"end":{"line":17,"column":5}},"4":{"start":{"line":21,"column":2},"end":{"line":21,"column":88}}},"fnMap":{"0":{"name":"ThemeProvider","decl":{"start":{"line":10,"column":16},"end":{"line":10,"column":29}},"loc":{"start":{"line":10,"column":64},"end":{"line":22,"column":1}},"line":10},"1":{"name":"(anonymous_1)","decl":{"start":{"line":14,"column":4},"end":{"line":14,"column":5}},"loc":{"start":{"line":14,"column":11},"end":{"line":17,"column":5}},"line":14}},"branchMap":{"0":{"loc":{"start":{"line":8,"column":21},"end":{"line":8,"column":92}},"type":"binary-expr","locations":[{"start":{"line":8,"column":22},"end":{"line":8,"column":76}},{"start":{"line":8,"column":81},"end":{"line":8,"column":92}}],"line":8}},"s":{"0":1,"1":0,"2":0,"3":0,"4":0},"f":{"0":0,"1":0},"b":{"0":[1,1]},"_coverageSchema":"1a1c01bbd47fc00a2c39e90264f33305004495a9","hash":"dfb15b9e0e796324932ac625ac95c4015aa01031"}
,"/Users/ermakov/JS/projects/react-ulbi/src/shared/i18n/i18nForTests.ts": {"path":"/Users/ermakov/JS/projects/react-ulbi/src/shared/i18n/i18nForTests.ts","statementMap":{"0":{"start":{"line":4,"column":0},"end":{"line":15,"column":3}}},"fnMap":{},"branchMap":{},"s":{"0":1},"f":{},"b":{},"_coverageSchema":"1a1c01bbd47fc00a2c39e90264f33305004495a9","hash":"b9f45711916f8294a20944d37f3a253dccffc639"}
,"/Users/ermakov/JS/projects/react-ulbi/src/shared/lib/classNamesHelper/classNames.ts": {"path":"/Users/ermakov/JS/projects/react-ulbi/src/shared/lib/classNamesHelper/classNames.ts","statementMap":{"0":{"start":{"line":3,"column":26},"end":{"line":14,"column":13}},"1":{"start":{"line":8,"column":2},"end":{"line":14,"column":13}},"2":{"start":{"line":12,"column":29},"end":{"line":12,"column":43}},"3":{"start":{"line":13,"column":22},"end":{"line":13,"column":25}}},"fnMap":{"0":{"name":"(anonymous_0)","decl":{"start":{"line":3,"column":26},"end":{"line":3,"column":27}},"loc":{"start":{"line":8,"column":2},"end":{"line":14,"column":13}},"line":8},"1":{"name":"(anonymous_1)","decl":{"start":{"line":12,"column":14},"end":{"line":12,"column":15}},"loc":{"start":{"line":12,"column":29},"end":{"line":12,"column":43}},"line":12},"2":{"name":"(anonymous_2)","decl":{"start":{"line":13,"column":11},"end":{"line":13,"column":12}},"loc":{"start":{"line":13,"column":22},"end":{"line":13,"column":25}},"line":13}},"branchMap":{"0":{"loc":{"start":{"line":5,"column":2},"end":{"line":5,"column":27}},"type":"default-arg","locations":[{"start":{"line":5,"column":25},"end":{"line":5,"column":27}}],"line":5},"1":{"loc":{"start":{"line":6,"column":2},"end":{"line":6,"column":17}},"type":"default-arg","locations":[{"start":{"line":6,"column":15},"end":{"line":6,"column":17}}],"line":6}},"s":{"0":3,"1":21,"2":4,"3":2},"f":{"0":21,"1":4,"2":2},"b":{"0":[1],"1":[17]},"_coverageSchema":"1a1c01bbd47fc00a2c39e90264f33305004495a9","hash":"fa0c83c0b0265e2f873a1aa2d1eecbca9342d502"}
,"/Users/ermakov/JS/projects/react-ulbi/src/shared/lib/testsHelpers/renderWithTranslations.tsx": {"path":"/Users/ermakov/JS/projects/react-ulbi/src/shared/lib/testsHelpers/renderWithTranslations.tsx","statementMap":{"0":{"start":{"line":7,"column":2},"end":{"line":9,"column":4}}},"fnMap":{"0":{"name":"renderWithTranslation","decl":{"start":{"line":6,"column":16},"end":{"line":6,"column":37}},"loc":{"start":{"line":6,"column":60},"end":{"line":10,"column":1}},"line":6}},"branchMap":{},"s":{"0":2},"f":{"0":2},"b":{},"_coverageSchema":"1a1c01bbd47fc00a2c39e90264f33305004495a9","hash":"c11ece69e9e5af28dd963447d3c40c01a3072a26"}
,"/Users/ermakov/JS/projects/react-ulbi/src/shared/ui/Button/ui/Button.tsx": {"path":"/Users/ermakov/JS/projects/react-ulbi/src/shared/ui/Button/ui/Button.tsx","statementMap":{"0":{"start":{"line":15,"column":22},"end":{"line":32,"column":1}},"1":{"start":{"line":21,"column":2},"end":{"line":31,"column":4}}},"fnMap":{"0":{"name":"(anonymous_0)","decl":{"start":{"line":15,"column":22},"end":{"line":15,"column":23}},"loc":{"start":{"line":20,"column":13},"end":{"line":32,"column":1}},"line":20}},"branchMap":{},"s":{"0":2,"1":11},"f":{"0":11},"b":{},"_coverageSchema":"1a1c01bbd47fc00a2c39e90264f33305004495a9","hash":"f2b7311cc90091f643511b7ca3bd9a527d5f95a5"}
,"/Users/ermakov/JS/projects/react-ulbi/src/widgets/LangSwitch/index.tsx": {"path":"/Users/ermakov/JS/projects/react-ulbi/src/widgets/LangSwitch/index.tsx","statementMap":{},"fnMap":{},"branchMap":{},"s":{},"f":{},"b":{},"_coverageSchema":"1a1c01bbd47fc00a2c39e90264f33305004495a9","hash":"b363f36a6a173b2a2f8a418b268a359378fac881"}
,"/Users/ermakov/JS/projects/react-ulbi/src/widgets/LangSwitch/ui/LangSwitch.tsx": {"path":"/Users/ermakov/JS/projects/react-ulbi/src/widgets/LangSwitch/ui/LangSwitch.tsx","statementMap":{"0":{"start":{"line":10,"column":26},"end":{"line":26,"column":1}},"1":{"start":{"line":11,"column":22},"end":{"line":11,"column":38}},"2":{"start":{"line":13,"column":21},"end":{"line":15,"column":3}},"3":{"start":{"line":14,"column":4},"end":{"line":14,"column":62}},"4":{"start":{"line":17,"column":2},"end":{"line":25,"column":4}}},"fnMap":{"0":{"name":"(anonymous_0)","decl":{"start":{"line":10,"column":26},"end":{"line":10,"column":27}},"loc":{"start":{"line":10,"column":62},"end":{"line":26,"column":1}},"line":10},"1":{"name":"(anonymous_1)","decl":{"start":{"line":13,"column":21},"end":{"line":13,"column":22}},"loc":{"start":{"line":13,"column":27},"end":{"line":15,"column":3}},"line":13}},"branchMap":{"0":{"loc":{"start":{"line":14,"column":24},"end":{"line":14,"column":60}},"type":"cond-expr","locations":[{"start":{"line":14,"column":49},"end":{"line":14,"column":53}},{"start":{"line":14,"column":56},"end":{"line":14,"column":60}}],"line":14}},"s":{"0":1,"1":4,"2":4,"3":0,"4":4},"f":{"0":4,"1":0},"b":{"0":[0,0]},"_coverageSchema":"1a1c01bbd47fc00a2c39e90264f33305004495a9","hash":"2fa7138f9be3d49936b012b6fb28edb968dacc00"}
,"/Users/ermakov/JS/projects/react-ulbi/src/widgets/Sidebar/ui/Sidebar/Sidebar.tsx": {"path":"/Users/ermakov/JS/projects/react-ulbi/src/widgets/Sidebar/ui/Sidebar/Sidebar.tsx","statementMap":{"0":{"start":{"line":12,"column":23},"end":{"line":39,"column":1}},"1":{"start":{"line":13,"column":36},"end":{"line":13,"column":51}},"2":{"start":{"line":15,"column":19},"end":{"line":17,"column":3}},"3":{"start":{"line":16,"column":4},"end":{"line":16,"column":34}},"4":{"start":{"line":16,"column":27},"end":{"line":16,"column":32}},"5":{"start":{"line":19,"column":2},"end":{"line":38,"column":4}}},"fnMap":{"0":{"name":"(anonymous_0)","decl":{"start":{"line":12,"column":23},"end":{"line":12,"column":24}},"loc":{"start":{"line":12,"column":56},"end":{"line":39,"column":1}},"line":12},"1":{"name":"(anonymous_1)","decl":{"start":{"line":15,"column":19},"end":{"line":15,"column":20}},"loc":{"start":{"line":15,"column":25},"end":{"line":17,"column":3}},"line":15},"2":{"name":"(anonymous_2)","decl":{"start":{"line":16,"column":17},"end":{"line":16,"column":18}},"loc":{"start":{"line":16,"column":27},"end":{"line":16,"column":32}},"line":16}},"branchMap":{},"s":{"0":1,"1":3,"2":3,"3":1,"4":1,"5":3},"f":{"0":3,"1":1,"2":1},"b":{},"_coverageSchema":"1a1c01bbd47fc00a2c39e90264f33305004495a9","hash":"1709a13ca074f55c0a63fadae7ddc06d9480fede"}
,"/Users/ermakov/JS/projects/react-ulbi/src/widgets/ThemeSwitch/index.ts": {"path":"/Users/ermakov/JS/projects/react-ulbi/src/widgets/ThemeSwitch/index.ts","statementMap":{},"fnMap":{},"branchMap":{},"s":{},"f":{},"b":{},"_coverageSchema":"1a1c01bbd47fc00a2c39e90264f33305004495a9","hash":"a0def41fece61c92003839945603f5d0ebc1a43a"}
,"/Users/ermakov/JS/projects/react-ulbi/src/widgets/ThemeSwitch/ui/ThemeSwitch.tsx": {"path":"/Users/ermakov/JS/projects/react-ulbi/src/widgets/ThemeSwitch/ui/ThemeSwitch.tsx","statementMap":{"0":{"start":{"line":9,"column":27},"end":{"line":25,"column":1}},"1":{"start":{"line":10,"column":33},"end":{"line":10,"column":43}},"2":{"start":{"line":12,"column":2},"end":{"line":24,"column":4}}},"fnMap":{"0":{"name":"(anonymous_0)","decl":{"start":{"line":9,"column":27},"end":{"line":9,"column":28}},"loc":{"start":{"line":9,"column":63},"end":{"line":25,"column":1}},"line":9}},"branchMap":{"0":{"loc":{"start":{"line":18,"column":7},"end":{"line":22,"column":7}},"type":"cond-expr","locations":[{"start":{"line":19,"column":8},"end":{"line":19,"column":34}},{"start":{"line":21,"column":8},"end":{"line":21,"column":35}}],"line":18}},"s":{"0":1,"1":3,"2":3},"f":{"0":3},"b":{"0":[0,3]},"_coverageSchema":"1a1c01bbd47fc00a2c39e90264f33305004495a9","hash":"60ecaf5606a6e0b8618a421eda1ed5271def52a0"}
}
